app/build/intermediates/manifest_merge_blame_file/debug/manifest-merger-blame-debug-report.txt
1<?xml version="1.0" encoding="utf-8"?>
2<!--
3  ~ Copyright (C) 2019 Google Inc.
4  ~
5  ~ Licensed under the Apache License, Version 2.0 (the "License");
6  ~ you may not use this file except in compliance with the License.
7  ~ You may obtain a copy of the License at
8  ~
9  ~     http://www.apache.org/licenses/LICENSE-2.0
10  ~
11  ~ Unless required by applicable law or agreed to in writing, software
12  ~ distributed under the License is distributed on an "AS IS" BASIS,
13  ~ WITHOUT WARRANTIES OR CONDITIONS OF ANY KIND, either express or implied.
14  ~ See the License for the specific language governing permissions and
15  ~ limitations under the License.
16-->
17<manifest xmlns:android="http://schemas.android.com/apk/res/android"
18    package="com.example.android.devbyteviewer"
19    android:versionCode="1"
20    android:versionName="1.0" >
21
22    <uses-sdk
23        android:minSdkVersion="21"
23-->src/main/AndroidManifest.xml
24        android:targetSdkVersion="30" />
24-->src/main/AndroidManifest.xml
25
26    <uses-permission android:name="android.permission.INTERNET" />
26-->src/main/AndroidManifest.xml:22:5-67
26-->src/main/AndroidManifest.xml:22:22-64
27    <uses-permission android:name="android.permission.WAKE_LOCK" />
27-->[androidx.work:work-runtime:2.0.0] AndroidManifest.xml:23:5-68
27-->[androidx.work:work-runtime:2.0.0] AndroidManifest.xml:23:22-65
28    <uses-permission android:name="android.permission.ACCESS_NETWORK_STATE" />
28-->[androidx.work:work-runtime:2.0.0] AndroidManifest.xml:24:5-79
28-->[androidx.work:work-runtime:2.0.0] AndroidManifest.xml:24:22-76
29    <uses-permission android:name="android.permission.RECEIVE_BOOT_COMPLETED" />
29-->[androidx.work:work-runtime:2.0.0] AndroidManifest.xml:25:5-81
29-->[androidx.work:work-runtime:2.0.0] AndroidManifest.xml:25:22-78
30
31    <application
31-->src/main/AndroidManifest.xml:24:5-40:19
32        android:name="com.example.android.devbyteviewer.DevByteApplication"
32-->src/main/AndroidManifest.xml:25:9-43
33        android:allowBackup="true"
33-->src/main/AndroidManifest.xml:26:9-35
34        android:appComponentFactory="androidx.core.app.CoreComponentFactory"
34-->[androidx.core:core:1.3.1] AndroidManifest.xml:24:18-86
35        android:debuggable="true"
36        android:icon="@mipmap/ic_launcher"
36-->src/main/AndroidManifest.xml:27:9-43
37        android:label="@string/app_name"
37-->src/main/AndroidManifest.xml:28:9-41
38        android:roundIcon="@mipmap/ic_launcher_round"
38-->src/main/AndroidManifest.xml:29:9-54
39        android:supportsRtl="true"
39-->src/main/AndroidManifest.xml:30:9-35
40        android:theme="@style/AppTheme" >
40-->src/main/AndroidManifest.xml:31:9-40
41        <activity android:name="com.example.android.devbyteviewer.ui.DevByteActivity" >
41-->src/main/AndroidManifest.xml:33:9-39:20
41-->src/main/AndroidManifest.xml:33:19-53
42            <intent-filter>
42-->src/main/AndroidManifest.xml:34:13-38:29
43                <action android:name="android.intent.action.MAIN" />
43-->src/main/AndroidManifest.xml:35:17-69
43-->src/main/AndroidManifest.xml:35:25-66
44
45                <category android:name="android.intent.category.LAUNCHER" />
45-->src/main/AndroidManifest.xml:37:17-77
45-->src/main/AndroidManifest.xml:37:27-74
46            </intent-filter>
47        </activity>
48
49        <provider
49-->[androidx.work:work-runtime:2.0.0] AndroidManifest.xml:28:9-34:35
50            android:name="androidx.work.impl.WorkManagerInitializer"
50-->[androidx.work:work-runtime:2.0.0] AndroidManifest.xml:29:13-69
51            android:authorities="com.example.android.devbyteviewer.workmanager-init"
51-->[androidx.work:work-runtime:2.0.0] AndroidManifest.xml:30:13-68
52            android:directBootAware="false"
52-->[androidx.work:work-runtime:2.0.0] AndroidManifest.xml:31:13-44
53            android:exported="false"
53-->[androidx.work:work-runtime:2.0.0] AndroidManifest.xml:32:13-37
54            android:multiprocess="true" />
54-->[androidx.work:work-runtime:2.0.0] AndroidManifest.xml:33:13-40
55
56        <service
56-->[androidx.work:work-runtime:2.0.0] AndroidManifest.xml:36:9-41:35
57            android:name="androidx.work.impl.background.systemalarm.SystemAlarmService"
57-->[androidx.work:work-runtime:2.0.0] AndroidManifest.xml:37:13-88
58            android:directBootAware="false"
58-->[androidx.work:work-runtime:2.0.0] AndroidManifest.xml:38:13-44
59            android:enabled="@bool/enable_system_alarm_service_default"
59-->[androidx.work:work-runtime:2.0.0] AndroidManifest.xml:39:13-72
60            android:exported="false" />
60-->[androidx.work:work-runtime:2.0.0] AndroidManifest.xml:40:13-37
61        <service
61-->[androidx.work:work-runtime:2.0.0] AndroidManifest.xml:42:9-48:35
62            android:name="androidx.work.impl.background.systemjob.SystemJobService"
62-->[androidx.work:work-runtime:2.0.0] AndroidManifest.xml:43:13-84
63            android:directBootAware="false"
63-->[androidx.work:work-runtime:2.0.0] AndroidManifest.xml:44:13-44
64            android:enabled="@bool/enable_system_job_service_default"
64-->[androidx.work:work-runtime:2.0.0] AndroidManifest.xml:45:13-70
65            android:exported="true"
65-->[androidx.work:work-runtime:2.0.0] AndroidManifest.xml:46:13-36
66            android:permission="android.permission.BIND_JOB_SERVICE" />
66-->[androidx.work:work-runtime:2.0.0] AndroidManifest.xml:47:13-69
67
68        <receiver
68-->[androidx.work:work-runtime:2.0.0] AndroidManifest.xml:50:9-55:35
69            android:name="androidx.work.impl.utils.ForceStopRunnable$BroadcastReceiver"
69-->[androidx.work:work-runtime:2.0.0] AndroidManifest.xml:51:13-88
70            android:directBootAware="false"
70-->[androidx.work:work-runtime:2.0.0] AndroidManifest.xml:52:13-44
71            android:enabled="true"
71-->[androidx.work:work-runtime:2.0.0] AndroidManifest.xml:53:13-35
72            android:exported="false" />
72-->[androidx.work:work-runtime:2.0.0] AndroidManifest.xml:54:13-37
73        <receiver
73-->[androidx.work:work-runtime:2.0.0] AndroidManifest.xml:56:9-66:20
74            android:name="androidx.work.impl.background.systemalarm.ConstraintProxy$BatteryChargingProxy"
74-->[androidx.work:work-runtime:2.0.0] AndroidManifest.xml:57:13-106
75            android:directBootAware="false"
75-->[androidx.work:work-runtime:2.0.0] AndroidManifest.xml:58:13-44
76            android:enabled="false"
76-->[androidx.work:work-runtime:2.0.0] AndroidManifest.xml:59:13-36
77            android:exported="false" >
77-->[androidx.work:work-runtime:2.0.0] AndroidManifest.xml:60:13-37
78            <intent-filter>
78-->[androidx.work:work-runtime:2.0.0] AndroidManifest.xml:62:13-65:29
79                <action android:name="android.intent.action.ACTION_POWER_CONNECTED" />
79-->[androidx.work:work-runtime:2.0.0] AndroidManifest.xml:63:17-87
79-->[androidx.work:work-runtime:2.0.0] AndroidManifest.xml:63:25-84
80                <action android:name="android.intent.action.ACTION_POWER_DISCONNECTED" />
80-->[androidx.work:work-runtime:2.0.0] AndroidManifest.xml:64:17-90
80-->[androidx.work:work-runtime:2.0.0] AndroidManifest.xml:64:25-87
81            </intent-filter>
82        </receiver>
83        <receiver
83-->[androidx.work:work-runtime:2.0.0] AndroidManifest.xml:67:9-77:20
84            android:name="androidx.work.impl.background.systemalarm.ConstraintProxy$BatteryNotLowProxy"
84-->[androidx.work:work-runtime:2.0.0] AndroidManifest.xml:68:13-104
85            android:directBootAware="false"
85-->[androidx.work:work-runtime:2.0.0] AndroidManifest.xml:69:13-44
86            android:enabled="false"
86-->[androidx.work:work-runtime:2.0.0] AndroidManifest.xml:70:13-36
87            android:exported="false" >
87-->[androidx.work:work-runtime:2.0.0] AndroidManifest.xml:71:13-37
88            <intent-filter>
88-->[androidx.work:work-runtime:2.0.0] AndroidManifest.xml:73:13-76:29
89                <action android:name="android.intent.action.BATTERY_OKAY" />
89-->[androidx.work:work-runtime:2.0.0] AndroidManifest.xml:74:17-77
89-->[androidx.work:work-runtime:2.0.0] AndroidManifest.xml:74:25-74
90                <action android:name="android.intent.action.BATTERY_LOW" />
90-->[androidx.work:work-runtime:2.0.0] AndroidManifest.xml:75:17-76
90-->[androidx.work:work-runtime:2.0.0] AndroidManifest.xml:75:25-73
91            </intent-filter>
92        </receiver>
93        <receiver
93-->[androidx.work:work-runtime:2.0.0] AndroidManifest.xml:78:9-88:20
94            android:name="androidx.work.impl.background.systemalarm.ConstraintProxy$StorageNotLowProxy"
94-->[androidx.work:work-runtime:2.0.0] AndroidManifest.xml:79:13-104
95            android:directBootAware="false"
95-->[androidx.work:work-runtime:2.0.0] AndroidManifest.xml:80:13-44
96            android:enabled="false"
96-->[androidx.work:work-runtime:2.0.0] AndroidManifest.xml:81:13-36
97            android:exported="false" >
97-->[androidx.work:work-runtime:2.0.0] AndroidManifest.xml:82:13-37
98            <intent-filter>
98-->[androidx.work:work-runtime:2.0.0] AndroidManifest.xml:84:13-87:29
99                <action android:name="android.intent.action.DEVICE_STORAGE_LOW" />
99-->[androidx.work:work-runtime:2.0.0] AndroidManifest.xml:85:17-83
99-->[androidx.work:work-runtime:2.0.0] AndroidManifest.xml:85:25-80
100                <action android:name="android.intent.action.DEVICE_STORAGE_OK" />
100-->[androidx.work:work-runtime:2.0.0] AndroidManifest.xml:86:17-82
100-->[androidx.work:work-runtime:2.0.0] AndroidManifest.xml:86:25-79
101            </intent-filter>
102        </receiver>
103        <receiver
103-->[androidx.work:work-runtime:2.0.0] AndroidManifest.xml:89:9-98:20
104            android:name="androidx.work.impl.background.systemalarm.ConstraintProxy$NetworkStateProxy"
104-->[androidx.work:work-runtime:2.0.0] AndroidManifest.xml:90:13-103
105            android:directBootAware="false"
105-->[androidx.work:work-runtime:2.0.0] AndroidManifest.xml:91:13-44
106            android:enabled="false"
106-->[androidx.work:work-runtime:2.0.0] AndroidManifest.xml:92:13-36
107            android:exported="false" >
107-->[androidx.work:work-runtime:2.0.0] AndroidManifest.xml:93:13-37
108            <intent-filter>
108-->[androidx.work:work-runtime:2.0.0] AndroidManifest.xml:95:13-97:29
109                <action android:name="android.net.conn.CONNECTIVITY_CHANGE" />
109-->[androidx.work:work-runtime:2.0.0] AndroidManifest.xml:96:17-79
109-->[androidx.work:work-runtime:2.0.0] AndroidManifest.xml:96:25-76
110            </intent-filter>
111        </receiver>
112        <receiver
112-->[androidx.work:work-runtime:2.0.0] AndroidManifest.xml:99:9-110:20
113            android:name="androidx.work.impl.background.systemalarm.RescheduleReceiver"
113-->[androidx.work:work-runtime:2.0.0] AndroidManifest.xml:100:13-88
114            android:directBootAware="false"
114-->[androidx.work:work-runtime:2.0.0] AndroidManifest.xml:101:13-44
115            android:enabled="false"
115-->[androidx.work:work-runtime:2.0.0] AndroidManifest.xml:102:13-36
116            android:exported="false" >
116-->[androidx.work:work-runtime:2.0.0] AndroidManifest.xml:103:13-37
117            <intent-filter>
117-->[androidx.work:work-runtime:2.0.0] AndroidManifest.xml:105:13-109:29
118                <action android:name="android.intent.action.BOOT_COMPLETED" />
118-->[androidx.work:work-runtime:2.0.0] AndroidManifest.xml:106:17-79
118-->[androidx.work:work-runtime:2.0.0] AndroidManifest.xml:106:25-76
119                <action android:name="android.intent.action.TIME_SET" />
119-->[androidx.work:work-runtime:2.0.0] AndroidManifest.xml:107:17-73
119-->[androidx.work:work-runtime:2.0.0] AndroidManifest.xml:107:25-70
120                <action android:name="android.intent.action.TIMEZONE_CHANGED" />
120-->[androidx.work:work-runtime:2.0.0] AndroidManifest.xml:108:17-81
120-->[androidx.work:work-runtime:2.0.0] AndroidManifest.xml:108:25-78
121            </intent-filter>
122        </receiver>
123        <receiver
123-->[androidx.work:work-runtime:2.0.0] AndroidManifest.xml:111:9-120:20
124            android:name="androidx.work.impl.background.systemalarm.ConstraintProxyUpdateReceiver"
124-->[androidx.work:work-runtime:2.0.0] AndroidManifest.xml:112:13-99
125            android:directBootAware="false"
125-->[androidx.work:work-runtime:2.0.0] AndroidManifest.xml:113:13-44
126            android:enabled="@bool/enable_system_alarm_service_default"
126-->[androidx.work:work-runtime:2.0.0] AndroidManifest.xml:114:13-72
127            android:exported="false" >
127-->[androidx.work:work-runtime:2.0.0] AndroidManifest.xml:115:13-37
128            <intent-filter>
128-->[androidx.work:work-runtime:2.0.0] AndroidManifest.xml:117:13-119:29
129                <action android:name="androidx.work.impl.background.systemalarm.UpdateProxies" />
129-->[androidx.work:work-runtime:2.0.0] AndroidManifest.xml:118:17-98
129-->[androidx.work:work-runtime:2.0.0] AndroidManifest.xml:118:25-95
130            </intent-filter>
131        </receiver>
132
133        <service
133-->[androidx.room:room-runtime:2.1.0-alpha06] AndroidManifest.xml:23:9-25:40
134            android:name="androidx.room.MultiInstanceInvalidationService"
134-->[androidx.room:room-runtime:2.1.0-alpha06] AndroidManifest.xml:24:13-74
135            android:exported="false" />
135-->[androidx.room:room-runtime:2.1.0-alpha06] AndroidManifest.xml:25:13-37
136
137        <provider
137-->[androidx.lifecycle:lifecycle-process:2.2.0] AndroidManifest.xml:25:9-29:43
138            android:name="androidx.lifecycle.ProcessLifecycleOwnerInitializer"
138-->[androidx.lifecycle:lifecycle-process:2.2.0] AndroidManifest.xml:26:13-79
139            android:authorities="com.example.android.devbyteviewer.lifecycle-process"
139-->[androidx.lifecycle:lifecycle-process:2.2.0] AndroidManifest.xml:27:13-69
140            android:exported="false"
140-->[androidx.lifecycle:lifecycle-process:2.2.0] AndroidManifest.xml:28:13-37
141            android:multiprocess="true" />
141-->[androidx.lifecycle:lifecycle-process:2.2.0] AndroidManifest.xml:29:13-40
142    </application>
143
144</manifest>